Determining if the pthread_create exist failed with the following output:
Change Dir: /home/starpia/catkin_ws/src/modudculab_ros/build/catkin_tools_prebuild/CMakeFiles/CMakeTmp

Run Build Command:"/usr/bin/make" "cmTC_f0434/fast"
/usr/bin/make -f CMakeFiles/cmTC_f0434.dir/build.make CMakeFiles/cmTC_f0434.dir/build
make[1]: 디렉터리 '/home/starpia/catkin_ws/src/modudculab_ros/build/catkin_tools_prebuild/CMakeFiles/CMakeTmp' 들어감
Building C object CMakeFiles/cmTC_f0434.dir/CheckSymbolExists.c.o
/usr/bin/cc     -o CMakeFiles/cmTC_f0434.dir/CheckSymbolExists.c.o   -c /home/starpia/catkin_ws/src/modudculab_ros/build/catkin_tools_prebuild/CMakeFiles/CMakeTmp/CheckSymbolExists.c
Linking C executable cmTC_f0434
/usr/bin/cmake -E cmake_link_script CMakeFiles/cmTC_f0434.dir/link.txt --verbose=1
/usr/bin/cc       CMakeFiles/cmTC_f0434.dir/CheckSymbolExists.c.o  -o cmTC_f0434 -rdynamic 
CMakeFiles/cmTC_f0434.dir/CheckSymbolExists.c.o: In function `main':
CheckSymbolExists.c:(.text+0xa): undefined reference to `pthread_create'
collect2: error: ld returned 1 exit status
CMakeFiles/cmTC_f0434.dir/build.make:97: 'cmTC_f0434' 타겟에 대한 명령이 실패했습니다
make[1]: *** [cmTC_f0434] 오류 1
make[1]: 디렉터리 '/home/starpia/catkin_ws/src/modudculab_ros/build/catkin_tools_prebuild/CMakeFiles/CMakeTmp' 나감
Makefile:126: 'cmTC_f0434/fast' 타겟에 대한 명령이 실패했습니다
make: *** [cmTC_f0434/fast] 오류 2

File /home/starpia/catkin_ws/src/modudculab_ros/build/catkin_tools_prebuild/CMakeFiles/CMakeTmp/CheckSymbolExists.c:
/* */
#include <pthread.h>

int main(int argc, char** argv)
{
  (void)argv;
#ifndef pthread_create
  return ((int*)(&pthread_create))[argc];
#else
  (void)argc;
  return 0;
#endif
}

Determining if the function pthread_create exists in the pthreads failed with the following output:
Change Dir: /home/starpia/catkin_ws/src/modudculab_ros/build/catkin_tools_prebuild/CMakeFiles/CMakeTmp

Run Build Command:"/usr/bin/make" "cmTC_e1481/fast"
/usr/bin/make -f CMakeFiles/cmTC_e1481.dir/build.make CMakeFiles/cmTC_e1481.dir/build
make[1]: 디렉터리 '/home/starpia/catkin_ws/src/modudculab_ros/build/catkin_tools_prebuild/CMakeFiles/CMakeTmp' 들어감
Building C object CMakeFiles/cmTC_e1481.dir/CheckFunctionExists.c.o
/usr/bin/cc    -DCHECK_FUNCTION_EXISTS=pthread_create   -o CMakeFiles/cmTC_e1481.dir/CheckFunctionExists.c.o   -c /usr/share/cmake-3.5/Modules/CheckFunctionExists.c
Linking C executable cmTC_e1481
/usr/bin/cmake -E cmake_link_script CMakeFiles/cmTC_e1481.dir/link.txt --verbose=1
/usr/bin/cc   -DCHECK_FUNCTION_EXISTS=pthread_create    CMakeFiles/cmTC_e1481.dir/CheckFunctionExists.c.o  -o cmTC_e1481 -rdynamic -lpthreads 
/usr/bin/ld: cannot find -lpthreads
collect2: error: ld returned 1 exit status
CMakeFiles/cmTC_e1481.dir/build.make:97: 'cmTC_e1481' 타겟에 대한 명령이 실패했습니다
make[1]: *** [cmTC_e1481] 오류 1
make[1]: 디렉터리 '/home/starpia/catkin_ws/src/modudculab_ros/build/catkin_tools_prebuild/CMakeFiles/CMakeTmp' 나감
Makefile:126: 'cmTC_e1481/fast' 타겟에 대한 명령이 실패했습니다
make: *** [cmTC_e1481/fast] 오류 2


